2022-01-07 15:17:57.047  INFO 18001 --- [restartedMain] c.e.pharmacy.PharmacyApiApplication      : Starting PharmacyApiApplication using Java 17.0.1 on ASUS with PID 18001 (/home/rakhmatjon/IdeaProjects/Pharmacy API/target/classes started by rakhmatjon in /home/rakhmatjon/IdeaProjects/Pharmacy API)
2022-01-07 15:17:57.049  INFO 18001 --- [restartedMain] c.e.pharmacy.PharmacyApiApplication      : No active profile set, falling back to default profiles: default
2022-01-07 15:17:57.111  INFO 18001 --- [restartedMain] .e.DevToolsPropertyDefaultsPostProcessor : Devtools property defaults active! Set 'spring.devtools.add-properties' to 'false' to disable
2022-01-07 15:17:57.112  INFO 18001 --- [restartedMain] .e.DevToolsPropertyDefaultsPostProcessor : For additional web related logging consider setting the 'logging.level.web' property to 'DEBUG'
2022-01-07 15:17:57.871  INFO 18001 --- [restartedMain] .s.d.r.c.RepositoryConfigurationDelegate : Bootstrapping Spring Data JPA repositories in DEFAULT mode.
2022-01-07 15:17:57.922  INFO 18001 --- [restartedMain] .s.d.r.c.RepositoryConfigurationDelegate : Finished Spring Data repository scanning in 45 ms. Found 2 JPA repository interfaces.
2022-01-07 15:17:58.463  INFO 18001 --- [restartedMain] o.s.b.w.embedded.tomcat.TomcatWebServer  : Tomcat initialized with port(s): 8080 (http)
2022-01-07 15:17:58.474  INFO 18001 --- [restartedMain] o.apache.catalina.core.StandardService   : Starting service [Tomcat]
2022-01-07 15:17:58.475  INFO 18001 --- [restartedMain] org.apache.catalina.core.StandardEngine  : Starting Servlet engine: [Apache Tomcat/9.0.56]
2022-01-07 15:17:58.552  INFO 18001 --- [restartedMain] o.a.c.c.C.[Tomcat].[localhost].[/]       : Initializing Spring embedded WebApplicationContext
2022-01-07 15:17:58.553  INFO 18001 --- [restartedMain] w.s.c.ServletWebServerApplicationContext : Root WebApplicationContext: initialization completed in 1440 ms
2022-01-07 15:17:58.718  INFO 18001 --- [restartedMain] o.hibernate.jpa.internal.util.LogHelper  : HHH000204: Processing PersistenceUnitInfo [name: default]
2022-01-07 15:17:58.750  INFO 18001 --- [restartedMain] org.hibernate.Version                    : HHH000412: Hibernate ORM core version 5.6.3.Final
2022-01-07 15:17:58.842  INFO 18001 --- [restartedMain] o.hibernate.annotations.common.Version   : HCANN000001: Hibernate Commons Annotations {5.1.2.Final}
2022-01-07 15:17:58.904  INFO 18001 --- [restartedMain] com.zaxxer.hikari.HikariDataSource       : HikariPool-1 - Starting...
2022-01-07 15:17:59.140  INFO 18001 --- [restartedMain] com.zaxxer.hikari.HikariDataSource       : HikariPool-1 - Start completed.
2022-01-07 15:17:59.151  INFO 18001 --- [restartedMain] org.hibernate.dialect.Dialect            : HHH000400: Using dialect: org.hibernate.dialect.PostgreSQLDialect
2022-01-07 15:17:59.634  WARN 18001 --- [restartedMain] o.h.t.s.i.ExceptionHandlerLoggedImpl     : GenerationTarget encountered exception accepting command : Error executing DDL "
    alter table app_user_roles 
       drop constraint FKqrsd1wnok912tg9bakqtit7j3" via JDBC Statement

org.hibernate.tool.schema.spi.CommandAcceptanceException: Error executing DDL "
    alter table app_user_roles 
       drop constraint FKqrsd1wnok912tg9bakqtit7j3" via JDBC Statement
	at org.hibernate.tool.schema.internal.exec.GenerationTargetToDatabase.accept(GenerationTargetToDatabase.java:67) ~[hibernate-core-5.6.3.Final.jar:5.6.3.Final]
	at org.hibernate.tool.schema.internal.SchemaDropperImpl.applySqlString(SchemaDropperImpl.java:387) ~[hibernate-core-5.6.3.Final.jar:5.6.3.Final]
	at org.hibernate.tool.schema.internal.SchemaDropperImpl.applySqlStrings(SchemaDropperImpl.java:371) ~[hibernate-core-5.6.3.Final.jar:5.6.3.Final]
	at org.hibernate.tool.schema.internal.SchemaDropperImpl.applyConstraintDropping(SchemaDropperImpl.java:341) ~[hibernate-core-5.6.3.Final.jar:5.6.3.Final]
	at org.hibernate.tool.schema.internal.SchemaDropperImpl.dropFromMetadata(SchemaDropperImpl.java:235) ~[hibernate-core-5.6.3.Final.jar:5.6.3.Final]
	at org.hibernate.tool.schema.internal.SchemaDropperImpl.performDrop(SchemaDropperImpl.java:156) ~[hibernate-core-5.6.3.Final.jar:5.6.3.Final]
	at org.hibernate.tool.schema.internal.SchemaDropperImpl.doDrop(SchemaDropperImpl.java:128) ~[hibernate-core-5.6.3.Final.jar:5.6.3.Final]
	at org.hibernate.tool.schema.internal.SchemaDropperImpl.doDrop(SchemaDropperImpl.java:114) ~[hibernate-core-5.6.3.Final.jar:5.6.3.Final]
	at org.hibernate.tool.schema.spi.SchemaManagementToolCoordinator.performDatabaseAction(SchemaManagementToolCoordinator.java:153) ~[hibernate-core-5.6.3.Final.jar:5.6.3.Final]
	at org.hibernate.tool.schema.spi.SchemaManagementToolCoordinator.process(SchemaManagementToolCoordinator.java:81) ~[hibernate-core-5.6.3.Final.jar:5.6.3.Final]
	at org.hibernate.internal.SessionFactoryImpl.<init>(SessionFactoryImpl.java:335) ~[hibernate-core-5.6.3.Final.jar:5.6.3.Final]
	at org.hibernate.boot.internal.SessionFactoryBuilderImpl.build(SessionFactoryBuilderImpl.java:471) ~[hibernate-core-5.6.3.Final.jar:5.6.3.Final]
	at org.hibernate.jpa.boot.internal.EntityManagerFactoryBuilderImpl.build(EntityManagerFactoryBuilderImpl.java:1498) ~[hibernate-core-5.6.3.Final.jar:5.6.3.Final]
	at org.springframework.orm.jpa.vendor.SpringHibernateJpaPersistenceProvider.createContainerEntityManagerFactory(SpringHibernateJpaPersistenceProvider.java:58) ~[spring-orm-5.3.14.jar:5.3.14]
	at org.springframework.orm.jpa.LocalContainerEntityManagerFactoryBean.createNativeEntityManagerFactory(LocalContainerEntityManagerFactoryBean.java:365) ~[spring-orm-5.3.14.jar:5.3.14]
	at org.springframework.orm.jpa.AbstractEntityManagerFactoryBean.buildNativeEntityManagerFactory(AbstractEntityManagerFactoryBean.java:409) ~[spring-orm-5.3.14.jar:5.3.14]
	at org.springframework.orm.jpa.AbstractEntityManagerFactoryBean.afterPropertiesSet(AbstractEntityManagerFactoryBean.java:396) ~[spring-orm-5.3.14.jar:5.3.14]
	at org.springframework.orm.jpa.LocalContainerEntityManagerFactoryBean.afterPropertiesSet(LocalContainerEntityManagerFactoryBean.java:341) ~[spring-orm-5.3.14.jar:5.3.14]
	at org.springframework.beans.factory.support.AbstractAutowireCapableBeanFactory.invokeInitMethods(AbstractAutowireCapableBeanFactory.java:1863) ~[spring-beans-5.3.14.jar:5.3.14]
	at org.springframework.beans.factory.support.AbstractAutowireCapableBeanFactory.initializeBean(AbstractAutowireCapableBeanFactory.java:1800) ~[spring-beans-5.3.14.jar:5.3.14]
	at org.springframework.beans.factory.support.AbstractAutowireCapableBeanFactory.doCreateBean(AbstractAutowireCapableBeanFactory.java:620) ~[spring-beans-5.3.14.jar:5.3.14]
	at org.springframework.beans.factory.support.AbstractAutowireCapableBeanFactory.createBean(AbstractAutowireCapableBeanFactory.java:542) ~[spring-beans-5.3.14.jar:5.3.14]
	at org.springframework.beans.factory.support.AbstractBeanFactory.lambda$doGetBean$0(AbstractBeanFactory.java:335) ~[spring-beans-5.3.14.jar:5.3.14]
	at org.springframework.beans.factory.support.DefaultSingletonBeanRegistry.getSingleton(DefaultSingletonBeanRegistry.java:234) ~[spring-beans-5.3.14.jar:5.3.14]
	at org.springframework.beans.factory.support.AbstractBeanFactory.doGetBean(AbstractBeanFactory.java:333) ~[spring-beans-5.3.14.jar:5.3.14]
	at org.springframework.beans.factory.support.AbstractBeanFactory.getBean(AbstractBeanFactory.java:208) ~[spring-beans-5.3.14.jar:5.3.14]
	at org.springframework.context.support.AbstractApplicationContext.getBean(AbstractApplicationContext.java:1154) ~[spring-context-5.3.14.jar:5.3.14]
	at org.springframework.context.support.AbstractApplicationContext.finishBeanFactoryInitialization(AbstractApplicationContext.java:908) ~[spring-context-5.3.14.jar:5.3.14]
	at org.springframework.context.support.AbstractApplicationContext.refresh(AbstractApplicationContext.java:583) ~[spring-context-5.3.14.jar:5.3.14]
	at org.springframework.boot.web.servlet.context.ServletWebServerApplicationContext.refresh(ServletWebServerApplicationContext.java:145) ~[spring-boot-2.6.2.jar:2.6.2]
	at org.springframework.boot.SpringApplication.refresh(SpringApplication.java:730) ~[spring-boot-2.6.2.jar:2.6.2]
	at org.springframework.boot.SpringApplication.refreshContext(SpringApplication.java:412) ~[spring-boot-2.6.2.jar:2.6.2]
	at org.springframework.boot.SpringApplication.run(SpringApplication.java:302) ~[spring-boot-2.6.2.jar:2.6.2]
	at org.springframework.boot.SpringApplication.run(SpringApplication.java:1301) ~[spring-boot-2.6.2.jar:2.6.2]
	at org.springframework.boot.SpringApplication.run(SpringApplication.java:1290) ~[spring-boot-2.6.2.jar:2.6.2]
	at com.example.pharmacy.PharmacyApiApplication.main(PharmacyApiApplication.java:19) ~[classes/:na]
	at java.base/jdk.internal.reflect.NativeMethodAccessorImpl.invoke0(Native Method) ~[na:na]
	at java.base/jdk.internal.reflect.NativeMethodAccessorImpl.invoke(NativeMethodAccessorImpl.java:77) ~[na:na]
	at java.base/jdk.internal.reflect.DelegatingMethodAccessorImpl.invoke(DelegatingMethodAccessorImpl.java:43) ~[na:na]
	at java.base/java.lang.reflect.Method.invoke(Method.java:568) ~[na:na]
	at org.springframework.boot.devtools.restart.RestartLauncher.run(RestartLauncher.java:49) ~[spring-boot-devtools-2.6.2.jar:2.6.2]
Caused by: org.postgresql.util.PSQLException: ERROR: relation "app_user_roles" does not exist
	at org.postgresql.core.v3.QueryExecutorImpl.receiveErrorResponse(QueryExecutorImpl.java:2674) ~[postgresql-42.3.1.jar:42.3.1]
	at org.postgresql.core.v3.QueryExecutorImpl.processResults(QueryExecutorImpl.java:2364) ~[postgresql-42.3.1.jar:42.3.1]
	at org.postgresql.core.v3.QueryExecutorImpl.execute(QueryExecutorImpl.java:354) ~[postgresql-42.3.1.jar:42.3.1]
	at org.postgresql.jdbc.PgStatement.executeInternal(PgStatement.java:484) ~[postgresql-42.3.1.jar:42.3.1]
	at org.postgresql.jdbc.PgStatement.execute(PgStatement.java:404) ~[postgresql-42.3.1.jar:42.3.1]
	at org.postgresql.jdbc.PgStatement.executeWithFlags(PgStatement.java:325) ~[postgresql-42.3.1.jar:42.3.1]
	at org.postgresql.jdbc.PgStatement.executeCachedSql(PgStatement.java:311) ~[postgresql-42.3.1.jar:42.3.1]
	at org.postgresql.jdbc.PgStatement.executeWithFlags(PgStatement.java:287) ~[postgresql-42.3.1.jar:42.3.1]
	at org.postgresql.jdbc.PgStatement.execute(PgStatement.java:282) ~[postgresql-42.3.1.jar:42.3.1]
	at com.zaxxer.hikari.pool.ProxyStatement.execute(ProxyStatement.java:94) ~[HikariCP-4.0.3.jar:na]
	at com.zaxxer.hikari.pool.HikariProxyStatement.execute(HikariProxyStatement.java) ~[HikariCP-4.0.3.jar:na]
	at org.hibernate.tool.schema.internal.exec.GenerationTargetToDatabase.accept(GenerationTargetToDatabase.java:54) ~[hibernate-core-5.6.3.Final.jar:5.6.3.Final]
	... 40 common frames omitted

2022-01-07 15:17:59.637  WARN 18001 --- [restartedMain] o.h.t.s.i.ExceptionHandlerLoggedImpl     : GenerationTarget encountered exception accepting command : Error executing DDL "
    alter table app_user_roles 
       drop constraint FKkwxexnudtp5gmt82j0qtytnoe" via JDBC Statement

org.hibernate.tool.schema.spi.CommandAcceptanceException: Error executing DDL "
    alter table app_user_roles 
       drop constraint FKkwxexnudtp5gmt82j0qtytnoe" via JDBC Statement
	at org.hibernate.tool.schema.internal.exec.GenerationTargetToDatabase.accept(GenerationTargetToDatabase.java:67) ~[hibernate-core-5.6.3.Final.jar:5.6.3.Final]
	at org.hibernate.tool.schema.internal.SchemaDropperImpl.applySqlString(SchemaDropperImpl.java:387) ~[hibernate-core-5.6.3.Final.jar:5.6.3.Final]
	at org.hibernate.tool.schema.internal.SchemaDropperImpl.applySqlStrings(SchemaDropperImpl.java:371) ~[hibernate-core-5.6.3.Final.jar:5.6.3.Final]
	at org.hibernate.tool.schema.internal.SchemaDropperImpl.applyConstraintDropping(SchemaDropperImpl.java:341) ~[hibernate-core-5.6.3.Final.jar:5.6.3.Final]
	at org.hibernate.tool.schema.internal.SchemaDropperImpl.dropFromMetadata(SchemaDropperImpl.java:235) ~[hibernate-core-5.6.3.Final.jar:5.6.3.Final]
	at org.hibernate.tool.schema.internal.SchemaDropperImpl.performDrop(SchemaDropperImpl.java:156) ~[hibernate-core-5.6.3.Final.jar:5.6.3.Final]
	at org.hibernate.tool.schema.internal.SchemaDropperImpl.doDrop(SchemaDropperImpl.java:128) ~[hibernate-core-5.6.3.Final.jar:5.6.3.Final]
	at org.hibernate.tool.schema.internal.SchemaDropperImpl.doDrop(SchemaDropperImpl.java:114) ~[hibernate-core-5.6.3.Final.jar:5.6.3.Final]
	at org.hibernate.tool.schema.spi.SchemaManagementToolCoordinator.performDatabaseAction(SchemaManagementToolCoordinator.java:153) ~[hibernate-core-5.6.3.Final.jar:5.6.3.Final]
	at org.hibernate.tool.schema.spi.SchemaManagementToolCoordinator.process(SchemaManagementToolCoordinator.java:81) ~[hibernate-core-5.6.3.Final.jar:5.6.3.Final]
	at org.hibernate.internal.SessionFactoryImpl.<init>(SessionFactoryImpl.java:335) ~[hibernate-core-5.6.3.Final.jar:5.6.3.Final]
	at org.hibernate.boot.internal.SessionFactoryBuilderImpl.build(SessionFactoryBuilderImpl.java:471) ~[hibernate-core-5.6.3.Final.jar:5.6.3.Final]
	at org.hibernate.jpa.boot.internal.EntityManagerFactoryBuilderImpl.build(EntityManagerFactoryBuilderImpl.java:1498) ~[hibernate-core-5.6.3.Final.jar:5.6.3.Final]
	at org.springframework.orm.jpa.vendor.SpringHibernateJpaPersistenceProvider.createContainerEntityManagerFactory(SpringHibernateJpaPersistenceProvider.java:58) ~[spring-orm-5.3.14.jar:5.3.14]
	at org.springframework.orm.jpa.LocalContainerEntityManagerFactoryBean.createNativeEntityManagerFactory(LocalContainerEntityManagerFactoryBean.java:365) ~[spring-orm-5.3.14.jar:5.3.14]
	at org.springframework.orm.jpa.AbstractEntityManagerFactoryBean.buildNativeEntityManagerFactory(AbstractEntityManagerFactoryBean.java:409) ~[spring-orm-5.3.14.jar:5.3.14]
	at org.springframework.orm.jpa.AbstractEntityManagerFactoryBean.afterPropertiesSet(AbstractEntityManagerFactoryBean.java:396) ~[spring-orm-5.3.14.jar:5.3.14]
	at org.springframework.orm.jpa.LocalContainerEntityManagerFactoryBean.afterPropertiesSet(LocalContainerEntityManagerFactoryBean.java:341) ~[spring-orm-5.3.14.jar:5.3.14]
	at org.springframework.beans.factory.support.AbstractAutowireCapableBeanFactory.invokeInitMethods(AbstractAutowireCapableBeanFactory.java:1863) ~[spring-beans-5.3.14.jar:5.3.14]
	at org.springframework.beans.factory.support.AbstractAutowireCapableBeanFactory.initializeBean(AbstractAutowireCapableBeanFactory.java:1800) ~[spring-beans-5.3.14.jar:5.3.14]
	at org.springframework.beans.factory.support.AbstractAutowireCapableBeanFactory.doCreateBean(AbstractAutowireCapableBeanFactory.java:620) ~[spring-beans-5.3.14.jar:5.3.14]
	at org.springframework.beans.factory.support.AbstractAutowireCapableBeanFactory.createBean(AbstractAutowireCapableBeanFactory.java:542) ~[spring-beans-5.3.14.jar:5.3.14]
	at org.springframework.beans.factory.support.AbstractBeanFactory.lambda$doGetBean$0(AbstractBeanFactory.java:335) ~[spring-beans-5.3.14.jar:5.3.14]
	at org.springframework.beans.factory.support.DefaultSingletonBeanRegistry.getSingleton(DefaultSingletonBeanRegistry.java:234) ~[spring-beans-5.3.14.jar:5.3.14]
	at org.springframework.beans.factory.support.AbstractBeanFactory.doGetBean(AbstractBeanFactory.java:333) ~[spring-beans-5.3.14.jar:5.3.14]
	at org.springframework.beans.factory.support.AbstractBeanFactory.getBean(AbstractBeanFactory.java:208) ~[spring-beans-5.3.14.jar:5.3.14]
	at org.springframework.context.support.AbstractApplicationContext.getBean(AbstractApplicationContext.java:1154) ~[spring-context-5.3.14.jar:5.3.14]
	at org.springframework.context.support.AbstractApplicationContext.finishBeanFactoryInitialization(AbstractApplicationContext.java:908) ~[spring-context-5.3.14.jar:5.3.14]
	at org.springframework.context.support.AbstractApplicationContext.refresh(AbstractApplicationContext.java:583) ~[spring-context-5.3.14.jar:5.3.14]
	at org.springframework.boot.web.servlet.context.ServletWebServerApplicationContext.refresh(ServletWebServerApplicationContext.java:145) ~[spring-boot-2.6.2.jar:2.6.2]
	at org.springframework.boot.SpringApplication.refresh(SpringApplication.java:730) ~[spring-boot-2.6.2.jar:2.6.2]
	at org.springframework.boot.SpringApplication.refreshContext(SpringApplication.java:412) ~[spring-boot-2.6.2.jar:2.6.2]
	at org.springframework.boot.SpringApplication.run(SpringApplication.java:302) ~[spring-boot-2.6.2.jar:2.6.2]
	at org.springframework.boot.SpringApplication.run(SpringApplication.java:1301) ~[spring-boot-2.6.2.jar:2.6.2]
	at org.springframework.boot.SpringApplication.run(SpringApplication.java:1290) ~[spring-boot-2.6.2.jar:2.6.2]
	at com.example.pharmacy.PharmacyApiApplication.main(PharmacyApiApplication.java:19) ~[classes/:na]
	at java.base/jdk.internal.reflect.NativeMethodAccessorImpl.invoke0(Native Method) ~[na:na]
	at java.base/jdk.internal.reflect.NativeMethodAccessorImpl.invoke(NativeMethodAccessorImpl.java:77) ~[na:na]
	at java.base/jdk.internal.reflect.DelegatingMethodAccessorImpl.invoke(DelegatingMethodAccessorImpl.java:43) ~[na:na]
	at java.base/java.lang.reflect.Method.invoke(Method.java:568) ~[na:na]
	at org.springframework.boot.devtools.restart.RestartLauncher.run(RestartLauncher.java:49) ~[spring-boot-devtools-2.6.2.jar:2.6.2]
Caused by: org.postgresql.util.PSQLException: ERROR: relation "app_user_roles" does not exist
	at org.postgresql.core.v3.QueryExecutorImpl.receiveErrorResponse(QueryExecutorImpl.java:2674) ~[postgresql-42.3.1.jar:42.3.1]
	at org.postgresql.core.v3.QueryExecutorImpl.processResults(QueryExecutorImpl.java:2364) ~[postgresql-42.3.1.jar:42.3.1]
	at org.postgresql.core.v3.QueryExecutorImpl.execute(QueryExecutorImpl.java:354) ~[postgresql-42.3.1.jar:42.3.1]
	at org.postgresql.jdbc.PgStatement.executeInternal(PgStatement.java:484) ~[postgresql-42.3.1.jar:42.3.1]
	at org.postgresql.jdbc.PgStatement.execute(PgStatement.java:404) ~[postgresql-42.3.1.jar:42.3.1]
	at org.postgresql.jdbc.PgStatement.executeWithFlags(PgStatement.java:325) ~[postgresql-42.3.1.jar:42.3.1]
	at org.postgresql.jdbc.PgStatement.executeCachedSql(PgStatement.java:311) ~[postgresql-42.3.1.jar:42.3.1]
	at org.postgresql.jdbc.PgStatement.executeWithFlags(PgStatement.java:287) ~[postgresql-42.3.1.jar:42.3.1]
	at org.postgresql.jdbc.PgStatement.execute(PgStatement.java:282) ~[postgresql-42.3.1.jar:42.3.1]
	at com.zaxxer.hikari.pool.ProxyStatement.execute(ProxyStatement.java:94) ~[HikariCP-4.0.3.jar:na]
	at com.zaxxer.hikari.pool.HikariProxyStatement.execute(HikariProxyStatement.java) ~[HikariCP-4.0.3.jar:na]
	at org.hibernate.tool.schema.internal.exec.GenerationTargetToDatabase.accept(GenerationTargetToDatabase.java:54) ~[hibernate-core-5.6.3.Final.jar:5.6.3.Final]
	... 40 common frames omitted

2022-01-07 15:17:59.640  WARN 18001 --- [restartedMain] o.h.engine.jdbc.spi.SqlExceptionHelper   : SQL Warning Code: 0, SQLState: 00000
2022-01-07 15:17:59.640  WARN 18001 --- [restartedMain] o.h.engine.jdbc.spi.SqlExceptionHelper   : table "app_user" does not exist, skipping
2022-01-07 15:17:59.645  WARN 18001 --- [restartedMain] o.h.engine.jdbc.spi.SqlExceptionHelper   : SQL Warning Code: 0, SQLState: 00000
2022-01-07 15:17:59.645  WARN 18001 --- [restartedMain] o.h.engine.jdbc.spi.SqlExceptionHelper   : table "app_user_roles" does not exist, skipping
2022-01-07 15:17:59.646  WARN 18001 --- [restartedMain] o.h.engine.jdbc.spi.SqlExceptionHelper   : SQL Warning Code: 0, SQLState: 00000
2022-01-07 15:17:59.647  WARN 18001 --- [restartedMain] o.h.engine.jdbc.spi.SqlExceptionHelper   : table "user_role" does not exist, skipping
2022-01-07 15:17:59.648  WARN 18001 --- [restartedMain] o.h.engine.jdbc.spi.SqlExceptionHelper   : SQL Warning Code: 0, SQLState: 00000
2022-01-07 15:17:59.648  WARN 18001 --- [restartedMain] o.h.engine.jdbc.spi.SqlExceptionHelper   : sequence "hibernate_sequence" does not exist, skipping
2022-01-07 15:17:59.677  INFO 18001 --- [restartedMain] o.h.e.t.j.p.i.JtaPlatformInitiator       : HHH000490: Using JtaPlatform implementation: [org.hibernate.engine.transaction.jta.platform.internal.NoJtaPlatform]
2022-01-07 15:17:59.682  INFO 18001 --- [restartedMain] j.LocalContainerEntityManagerFactoryBean : Initialized JPA EntityManagerFactory for persistence unit 'default'
2022-01-07 15:18:00.099  WARN 18001 --- [restartedMain] JpaBaseConfiguration$JpaWebConfiguration : spring.jpa.open-in-view is enabled by default. Therefore, database queries may be performed during view rendering. Explicitly configure spring.jpa.open-in-view to disable this warning
2022-01-07 15:18:00.206  INFO 18001 --- [restartedMain] o.s.s.web.DefaultSecurityFilterChain     : Will secure any request with [org.springframework.security.web.context.request.async.WebAsyncManagerIntegrationFilter@3fb4fd59, org.springframework.security.web.context.SecurityContextPersistenceFilter@117350c4, org.springframework.security.web.header.HeaderWriterFilter@6759cf65, org.springframework.security.web.authentication.logout.LogoutFilter@5ecab58f, com.example.pharmacy.core.filter.CustomAuthorizationFilter@55493b07, com.example.pharmacy.core.filter.CustomAuthenticationFilter@3bdea730, org.springframework.security.web.savedrequest.RequestCacheAwareFilter@6b60d00f, org.springframework.security.web.servletapi.SecurityContextHolderAwareRequestFilter@2d783b1, org.springframework.security.web.authentication.AnonymousAuthenticationFilter@63781b23, org.springframework.security.web.session.SessionManagementFilter@7f7b6322, org.springframework.security.web.access.ExceptionTranslationFilter@3cd2c617, org.springframework.security.web.access.intercept.FilterSecurityInterceptor@43b9c133]
2022-01-07 15:18:00.516  INFO 18001 --- [restartedMain] o.s.b.d.a.OptionalLiveReloadServer       : LiveReload server is running on port 35729
2022-01-07 15:18:00.547  INFO 18001 --- [restartedMain] o.s.b.w.embedded.tomcat.TomcatWebServer  : Tomcat started on port(s): 8080 (http) with context path ''
2022-01-07 15:18:00.559  INFO 18001 --- [restartedMain] c.e.pharmacy.PharmacyApiApplication      : Started PharmacyApiApplication in 4.093 seconds (JVM running for 5.421)
2022-01-07 15:18:00.573  INFO 18001 --- [restartedMain] c.e.p.a.service.AppUserServiceImpl       : Saving new role ROLE_PHARMACIST to the database
2022-01-07 15:18:00.610  INFO 18001 --- [restartedMain] c.e.p.a.service.AppUserServiceImpl       : Saving new role ROLE_ADMIN to the database
2022-01-07 15:18:00.615  INFO 18001 --- [restartedMain] c.e.p.a.service.AppUserServiceImpl       : Saving new user john to the database
2022-01-07 15:18:00.769  INFO 18001 --- [restartedMain] c.e.p.a.service.AppUserServiceImpl       : Saving new user will to the database
2022-01-07 15:18:00.908  INFO 18001 --- [restartedMain] c.e.p.a.service.AppUserServiceImpl       : Saving new user jim to the database
2022-01-07 15:18:01.045  INFO 18001 --- [restartedMain] c.e.p.a.service.AppUserServiceImpl       : Saving new user arnold to the database
2022-01-07 15:18:01.172  INFO 18001 --- [restartedMain] c.e.p.a.service.AppUserServiceImpl       : Assigning role ROLE_PHARMACIST to user john
2022-01-07 15:18:01.278  INFO 18001 --- [restartedMain] c.e.p.a.service.AppUserServiceImpl       : Assigning role ROLE_PHARMACIST to user john
2022-01-07 15:18:01.294  INFO 18001 --- [restartedMain] c.e.p.a.service.AppUserServiceImpl       : Assigning role ROLE_PHARMACIST to user will
2022-01-07 15:18:01.303  INFO 18001 --- [restartedMain] c.e.p.a.service.AppUserServiceImpl       : Assigning role ROLE_PHARMACIST to user arnold
2022-01-07 15:18:01.314  INFO 18001 --- [restartedMain] c.e.p.a.service.AppUserServiceImpl       : Assigning role ROLE_PHARMACIST to user arnold
2022-01-07 15:18:01.327  INFO 18001 --- [restartedMain] c.e.p.a.service.AppUserServiceImpl       : Assigning role ROLE_ADMIN to user arnold
2022-01-07 15:18:01.339  INFO 18001 --- [restartedMain] c.e.p.a.service.AppUserServiceImpl       : Assigning role ROLE_ADMIN to user jim
2022-01-07 15:18:03.693  INFO 18001 --- [SpringApplicationShutdownHook] j.LocalContainerEntityManagerFactoryBean : Closing JPA EntityManagerFactory for persistence unit 'default'
2022-01-07 15:18:03.693  INFO 18001 --- [SpringApplicationShutdownHook] .SchemaDropperImpl$DelayedDropActionImpl : HHH000477: Starting delayed evictData of schema as part of SessionFactory shut-down'
2022-01-07 15:18:03.707  INFO 18001 --- [SpringApplicationShutdownHook] com.zaxxer.hikari.HikariDataSource       : HikariPool-1 - Shutdown initiated...
2022-01-07 15:18:03.725  INFO 18001 --- [SpringApplicationShutdownHook] com.zaxxer.hikari.HikariDataSource       : HikariPool-1 - Shutdown completed.
